#
# There is insufficient memory for the Java Runtime Environment to continue.
# Native memory allocation (mmap) failed to map 716177408 bytes for committing reserved memory.
# Possible reasons:
#   The system is out of physical RAM or swap space
#   In 32 bit mode, the process size limit was hit
# Possible solutions:
#   Reduce memory load on the system
#   Increase physical memory or swap space
#   Check if swap backing store is full
#   Use 64 bit Java on a 64 bit OS
#   Decrease Java heap size (-Xmx/-Xms)
#   Decrease number of Java threads
#   Decrease Java thread stack sizes (-Xss)
#   Set larger code cache with -XX:ReservedCodeCacheSize=
# This output file may be truncated or incomplete.
#
#  Out of Memory Error (os_linux.cpp:2640), pid=10815, tid=0x00007f611a18f700
#
# JRE version:  (8.0_131-b11) (build )
# Java VM: Java HotSpot(TM) 64-Bit Server VM (25.131-b11 mixed mode linux-amd64 compressed oops)
# Failed to write core dump. Core dumps have been disabled. To enable core dumping, try "ulimit -c unlimited" before starting Java again
#

---------------  T H R E A D  ---------------

Current thread (0x00007f6114009800):  JavaThread "Unknown thread" [_thread_in_vm, id=10816, stack(0x00007f611a08f000,0x00007f611a190000)]

Stack: [0x00007f611a08f000,0x00007f611a190000],  sp=0x00007f611a18e380,  free space=1020k
Native frames: (J=compiled Java code, j=interpreted, Vv=VM code, C=native code)
V  [libjvm.so+0xac826a]  VMError::report_and_die()+0x2ba
V  [libjvm.so+0x4fd4cb]  report_vm_out_of_memory(char const*, int, unsigned long, VMErrorType, char const*)+0x8b
V  [libjvm.so+0x924f53]  os::Linux::commit_memory_impl(char*, unsigned long, bool)+0x103
V  [libjvm.so+0x9254a9]  os::pd_commit_memory(char*, unsigned long, unsigned long, bool)+0x29
V  [libjvm.so+0x91f6ca]  os::commit_memory(char*, unsigned long, unsigned long, bool)+0x2a
V  [libjvm.so+0x9941e3]  PSVirtualSpace::expand_by(unsigned long)+0x53
V  [libjvm.so+0x9842f7]  PSOldGen::initialize(ReservedSpace, unsigned long, char const*, int)+0xb7
V  [libjvm.so+0x2d8cea]  AdjoiningGenerations::AdjoiningGenerations(ReservedSpace, GenerationSizer*, unsigned long)+0x39a
V  [libjvm.so+0x9485c6]  ParallelScavengeHeap::initialize()+0x1d6
V  [libjvm.so+0xa902e3]  Universe::initialize_heap()+0xf3
V  [libjvm.so+0xa9084e]  universe_init()+0x3e
V  [libjvm.so+0x63e3e5]  init_globals()+0x65
V  [libjvm.so+0xa73f3e]  Threads::create_vm(JavaVMInitArgs*, bool*)+0x23e
V  [libjvm.so+0x6d2ce4]  JNI_CreateJavaVM+0x74
C  [libjli.so+0x745e]  JavaMain+0x9e
C  [libpthread.so.0+0x8184]  start_thread+0xc4


---------------  P R O C E S S  ---------------

Java Threads: ( => current thread )

Other Threads:

=>0x00007f6114009800 (exited) JavaThread "Unknown thread" [_thread_in_vm, id=10816, stack(0x00007f611a08f000,0x00007f611a190000)]

VM state:not at safepoint (not fully initialized)

VM Mutex/Monitor currently owned by a thread: None

GC Heap History (0 events):
No events

Deoptimization events (0 events):
No events

Internal exceptions (0 events):
No events

Events (0 events):
No events


Dynamic libraries:
00400000-00401000 r-xp 00000000 08:01 272417                             /home/vagrant/bigdata/java/bin/java
00600000-00601000 rw-p 00000000 08:01 272417                             /home/vagrant/bigdata/java/bin/java
02254000-02275000 rw-p 00000000 00:00 0                                  [heap]
eab00000-100000000 rw-p 00000000 00:00 0 
7f610aae8000-7f610ad6f000 rw-p 00000000 00:00 0 
7f610ad6f000-7f610aec4000 ---p 00000000 00:00 0 
7f610aec4000-7f610af7a000 rw-p 00000000 00:00 0 
7f610af7a000-7f610b170000 ---p 00000000 00:00 0 
7f610b170000-7f610b3e0000 rwxp 00000000 00:00 0 
7f610b3e0000-7f6113170000 ---p 00000000 00:00 0 
7f6113170000-7f611318a000 r-xp 00000000 08:01 657315                     /home/vagrant/bigdata/java/jre/lib/amd64/libzip.so
7f611318a000-7f611338a000 ---p 0001a000 08:01 657315                     /home/vagrant/bigdata/java/jre/lib/amd64/libzip.so
7f611338a000-7f611338b000 rw-p 0001a000 08:01 657315                     /home/vagrant/bigdata/java/jre/lib/amd64/libzip.so
7f611338b000-7f6113395000 r-xp 00000000 08:01 2962                       /lib/x86_64-linux-gnu/libnss_files-2.19.so
7f6113395000-7f6113594000 ---p 0000a000 08:01 2962                       /lib/x86_64-linux-gnu/libnss_files-2.19.so
7f6113594000-7f6113595000 r--p 00009000 08:01 2962                       /lib/x86_64-linux-gnu/libnss_files-2.19.so
7f6113595000-7f6113596000 rw-p 0000a000 08:01 2962                       /lib/x86_64-linux-gnu/libnss_files-2.19.so
7f6113596000-7f61135a1000 r-xp 00000000 08:01 3044                       /lib/x86_64-linux-gnu/libnss_nis-2.19.so
7f61135a1000-7f61137a0000 ---p 0000b000 08:01 3044                       /lib/x86_64-linux-gnu/libnss_nis-2.19.so
7f61137a0000-7f61137a1000 r--p 0000a000 08:01 3044                       /lib/x86_64-linux-gnu/libnss_nis-2.19.so
7f61137a1000-7f61137a2000 rw-p 0000b000 08:01 3044                       /lib/x86_64-linux-gnu/libnss_nis-2.19.so
7f61137a2000-7f61137b9000 r-xp 00000000 08:01 3152                       /lib/x86_64-linux-gnu/libnsl-2.19.so
7f61137b9000-7f61139b8000 ---p 00017000 08:01 3152                       /lib/x86_64-linux-gnu/libnsl-2.19.so
7f61139b8000-7f61139b9000 r--p 00016000 08:01 3152                       /lib/x86_64-linux-gnu/libnsl-2.19.so
7f61139b9000-7f61139ba000 rw-p 00017000 08:01 3152                       /lib/x86_64-linux-gnu/libnsl-2.19.so
7f61139ba000-7f61139bc000 rw-p 00000000 00:00 0 
7f61139bc000-7f61139c5000 r-xp 00000000 08:01 2941                       /lib/x86_64-linux-gnu/libnss_compat-2.19.so
7f61139c5000-7f6113bc4000 ---p 00009000 08:01 2941                       /lib/x86_64-linux-gnu/libnss_compat-2.19.so
7f6113bc4000-7f6113bc5000 r--p 00008000 08:01 2941                       /lib/x86_64-linux-gnu/libnss_compat-2.19.so
7f6113bc5000-7f6113bc6000 rw-p 00009000 08:01 2941                       /lib/x86_64-linux-gnu/libnss_compat-2.19.so
7f6113bc6000-7f6113bf1000 r-xp 00000000 08:01 657309                     /home/vagrant/bigdata/java/jre/lib/amd64/libjava.so
7f6113bf1000-7f6113df0000 ---p 0002b000 08:01 657309                     /home/vagrant/bigdata/java/jre/lib/amd64/libjava.so
7f6113df0000-7f6113df2000 rw-p 0002a000 08:01 657309                     /home/vagrant/bigdata/java/jre/lib/amd64/libjava.so
7f6113df2000-7f6113dff000 r-xp 00000000 08:01 657314                     /home/vagrant/bigdata/java/jre/lib/amd64/libverify.so
7f6113dff000-7f6113ffe000 ---p 0000d000 08:01 657314                     /home/vagrant/bigdata/java/jre/lib/amd64/libverify.so
7f6113ffe000-7f6114000000 rw-p 0000c000 08:01 657314                     /home/vagrant/bigdata/java/jre/lib/amd64/libverify.so
7f6114000000-7f6114032000 rw-p 00000000 00:00 0 
7f6114032000-7f6118000000 ---p 00000000 00:00 0 
7f611807b000-7f6118082000 r-xp 00000000 08:01 3142                       /lib/x86_64-linux-gnu/librt-2.19.so
7f6118082000-7f6118281000 ---p 00007000 08:01 3142                       /lib/x86_64-linux-gnu/librt-2.19.so
7f6118281000-7f6118282000 r--p 00006000 08:01 3142                       /lib/x86_64-linux-gnu/librt-2.19.so
7f6118282000-7f6118283000 rw-p 00007000 08:01 3142                       /lib/x86_64-linux-gnu/librt-2.19.so
7f6118283000-7f6118388000 r-xp 00000000 08:01 3022                       /lib/x86_64-linux-gnu/libm-2.19.so
7f6118388000-7f6118587000 ---p 00105000 08:01 3022                       /lib/x86_64-linux-gnu/libm-2.19.so
7f6118587000-7f6118588000 r--p 00104000 08:01 3022                       /lib/x86_64-linux-gnu/libm-2.19.so
7f6118588000-7f6118589000 rw-p 00105000 08:01 3022                       /lib/x86_64-linux-gnu/libm-2.19.so
7f6118589000-7f6119258000 r-xp 00000000 08:01 657292                     /home/vagrant/bigdata/java/jre/lib/amd64/server/libjvm.so
7f6119258000-7f6119458000 ---p 00ccf000 08:01 657292                     /home/vagrant/bigdata/java/jre/lib/amd64/server/libjvm.so
7f6119458000-7f6119531000 rw-p 00ccf000 08:01 657292                     /home/vagrant/bigdata/java/jre/lib/amd64/server/libjvm.so
7f6119531000-7f611957c000 rw-p 00000000 00:00 0 
7f611957c000-7f611973a000 r-xp 00000000 08:01 2939                       /lib/x86_64-linux-gnu/libc-2.19.so
7f611973a000-7f6119939000 ---p 001be000 08:01 2939                       /lib/x86_64-linux-gnu/libc-2.19.so
7f6119939000-7f611993d000 r--p 001bd000 08:01 2939                       /lib/x86_64-linux-gnu/libc-2.19.so
7f611993d000-7f611993f000 rw-p 001c1000 08:01 2939                       /lib/x86_64-linux-gnu/libc-2.19.so
7f611993f000-7f6119944000 rw-p 00000000 00:00 0 
7f6119944000-7f6119947000 r-xp 00000000 08:01 3037                       /lib/x86_64-linux-gnu/libdl-2.19.so
7f6119947000-7f6119b46000 ---p 00003000 08:01 3037                       /lib/x86_64-linux-gnu/libdl-2.19.so
7f6119b46000-7f6119b47000 r--p 00002000 08:01 3037                       /lib/x86_64-linux-gnu/libdl-2.19.so
7f6119b47000-7f6119b48000 rw-p 00003000 08:01 3037                       /lib/x86_64-linux-gnu/libdl-2.19.so
7f6119b48000-7f6119b5d000 r-xp 00000000 08:01 656988                     /home/vagrant/bigdata/java/lib/amd64/jli/libjli.so
7f6119b5d000-7f6119d5d000 ---p 00015000 08:01 656988                     /home/vagrant/bigdata/java/lib/amd64/jli/libjli.so
7f6119d5d000-7f6119d5e000 rw-p 00015000 08:01 656988                     /home/vagrant/bigdata/java/lib/amd64/jli/libjli.so
7f6119d5e000-7f6119d77000 r-xp 00000000 08:01 2989                       /lib/x86_64-linux-gnu/libpthread-2.19.so
7f6119d77000-7f6119f76000 ---p 00019000 08:01 2989                       /lib/x86_64-linux-gnu/libpthread-2.19.so
7f6119f76000-7f6119f77000 r--p 00018000 08:01 2989                       /lib/x86_64-linux-gnu/libpthread-2.19.so
7f6119f77000-7f6119f78000 rw-p 00019000 08:01 2989                       /lib/x86_64-linux-gnu/libpthread-2.19.so
7f6119f78000-7f6119f7c000 rw-p 00000000 00:00 0 
7f6119f7c000-7f6119f9f000 r-xp 00000000 08:01 3013                       /lib/x86_64-linux-gnu/ld-2.19.so
7f611a087000-7f611a08f000 rw-s 00000000 08:01 273570                     /tmp/hsperfdata_vagrant/10815
7f611a08f000-7f611a092000 ---p 00000000 00:00 0 
7f611a092000-7f611a194000 rw-p 00000000 00:00 0                          [stack:10816]
7f611a197000-7f611a19b000 rw-p 00000000 00:00 0 
7f611a19b000-7f611a19c000 r--p 00000000 00:00 0 
7f611a19c000-7f611a19e000 rw-p 00000000 00:00 0 
7f611a19e000-7f611a19f000 r--p 00022000 08:01 3013                       /lib/x86_64-linux-gnu/ld-2.19.so
7f611a19f000-7f611a1a0000 rw-p 00023000 08:01 3013                       /lib/x86_64-linux-gnu/ld-2.19.so
7f611a1a0000-7f611a1a1000 rw-p 00000000 00:00 0 
7ffc8d8a6000-7ffc8d8c7000 rw-p 00000000 00:00 0                          [stack]
7ffc8d8fb000-7ffc8d8fd000 r-xp 00000000 00:00 0                          [vdso]
ffffffffff600000-ffffffffff601000 r-xp 00000000 00:00 0                  [vsyscall]

VM Arguments:
jvm_args: -Xms1024m -Xmx1024m -XX:ReservedCodeCacheSize=128m -XX:MaxMetaspaceSize=256m 
java_command: /home/vagrant/bigdata/sbt/bin/sbt-launch.jar clean package
java_class_path (initial): /home/vagrant/bigdata/sbt/bin/sbt-launch.jar
Launcher Type: SUN_STANDARD

Environment Variables:
JAVA_HOME=/home/vagrant/bigdata/java
PATH=/usr/local/sbin:/usr/local/bin:/usr/sbin:/usr/bin:/sbin:/bin:/usr/games:/usr/local/games:/home/vagrant/bigdata/java/bin:/home/vagrant/bigdata/hadoop/bin:/home/vagrant/bigdata/hadoop/sbin:/home/vagrant/bigdata/hive/bin:/home/vagrant/bigdata/pig/bin:/home/vagrant/bigdata/scala/bin:/home/vagrant/bigdata/spark/bin:/home/vagrant/bigdata/spark/sbin:/home/vagrant/bigdata/sbt/bin:/home/vagrant/bigdata/kafka/bin:/home/vagrant/bigdata/sqoop/bin:/home/vagrant/bigdata/cassandra/bin:/home/vagrant/bigdata/hbase/bin
SHELL=/bin/bash
DISPLAY=localhost:13.0

Signal Handlers:
SIGSEGV: [libjvm.so+0xac8af0], sa_mask[0]=11111111011111111101111111111110, sa_flags=SA_RESTART|SA_SIGINFO
SIGBUS: [libjvm.so+0xac8af0], sa_mask[0]=11111111011111111101111111111110, sa_flags=SA_RESTART|SA_SIGINFO
SIGFPE: [libjvm.so+0x921dd0], sa_mask[0]=11111111011111111101111111111110, sa_flags=SA_RESTART|SA_SIGINFO
SIGPIPE: [libjvm.so+0x921dd0], sa_mask[0]=11111111011111111101111111111110, sa_flags=SA_RESTART|SA_SIGINFO
SIGXFSZ: [libjvm.so+0x921dd0], sa_mask[0]=11111111011111111101111111111110, sa_flags=SA_RESTART|SA_SIGINFO
SIGILL: [libjvm.so+0x921dd0], sa_mask[0]=11111111011111111101111111111110, sa_flags=SA_RESTART|SA_SIGINFO
SIGUSR1: SIG_DFL, sa_mask[0]=00000000000000000000000000000000, sa_flags=none
SIGUSR2: [libjvm.so+0x923610], sa_mask[0]=00000000000000000000000000000000, sa_flags=SA_RESTART|SA_SIGINFO
SIGHUP: SIG_DFL, sa_mask[0]=00000000000000000000000000000000, sa_flags=none
SIGINT: SIG_DFL, sa_mask[0]=00000000000000000000000000000000, sa_flags=none
SIGTERM: SIG_DFL, sa_mask[0]=00000000000000000000000000000000, sa_flags=none
SIGQUIT: SIG_DFL, sa_mask[0]=00000000000000000000000000000000, sa_flags=none


---------------  S Y S T E M  ---------------

OS:DISTRIB_ID=Ubuntu
DISTRIB_RELEASE=14.04
DISTRIB_CODENAME=trusty
DISTRIB_DESCRIPTION="Ubuntu 14.04.5 LTS"

uname:Linux 3.13.0-117-generic #164-Ubuntu SMP Fri Apr 7 11:05:26 UTC 2017 x86_64
libc:glibc 2.19 NPTL 2.19 
rlimit: STACK 8192k, CORE 0k, NPROC 39412, NOFILE 4096, AS infinity
load average:0.15 0.51 0.49

/proc/meminfo:
MemTotal:        5054768 kB
MemFree:          201540 kB
Buffers:           17864 kB
Cached:           335676 kB
SwapCached:            0 kB
Active:          4576788 kB
Inactive:         152792 kB
Active(anon):    4376204 kB
Inactive(anon):     1580 kB
Active(file):     200584 kB
Inactive(file):   151212 kB
Unevictable:           0 kB
Mlocked:               0 kB
SwapTotal:             0 kB
SwapFree:              0 kB
Dirty:               220 kB
Writeback:             0 kB
AnonPages:       4376088 kB
Mapped:            54912 kB
Shmem:              1696 kB
Slab:              48060 kB
SReclaimable:      27220 kB
SUnreclaim:        20840 kB
KernelStack:        7960 kB
PageTables:        20620 kB
NFS_Unstable:          0 kB
Bounce:                0 kB
WritebackTmp:          0 kB
CommitLimit:     2527384 kB
Committed_AS:    8191112 kB
VmallocTotal:   34359738367 kB
VmallocUsed:       62156 kB
VmallocChunk:   34359670776 kB
HardwareCorrupted:     0 kB
AnonHugePages:   3274752 kB
HugePages_Total:       0
HugePages_Free:        0
HugePages_Rsvd:        0
HugePages_Surp:        0
Hugepagesize:       2048 kB
DirectMap4k:       43968 kB
DirectMap2M:     5173248 kB


CPU:total 2 (initial active 2) (2 cores per cpu, 1 threads per core) family 6 model 60 stepping 3, cmov, cx8, fxsr, mmx, sse, sse2, sse3, ssse3, sse4.1, sse4.2, popcnt, avx, avx2, aes, clmul, lzcnt, tsc, tscinvbit

/proc/cpuinfo:
processor	: 0
vendor_id	: GenuineIntel
cpu family	: 6
model		: 60
model name	: Intel(R) Core(TM) i3-4160T CPU @ 3.10GHz
stepping	: 3
cpu MHz		: 3092.714
cache size	: 3072 KB
physical id	: 0
siblings	: 2
core id		: 0
cpu cores	: 2
apicid		: 0
initial apicid	: 0
fpu		: yes
fpu_exception	: yes
cpuid level	: 13
wp		: yes
flags		: fpu vme de pse tsc msr pae mce cx8 apic sep mtrr pge mca cmov pat pse36 clflush mmx fxsr sse sse2 ht syscall nx rdtscp lm constant_tsc rep_good nopl xtopology nonstop_tsc pni pclmulqdq ssse3 cx16 pcid sse4_1 sse4_2 movbe popcnt aes xsave avx rdrand lahf_lm abm fsgsbase avx2 invpcid
bogomips	: 6185.42
clflush size	: 64
cache_alignment	: 64
address sizes	: 39 bits physical, 48 bits virtual
power management:

processor	: 1
vendor_id	: GenuineIntel
cpu family	: 6
model		: 60
model name	: Intel(R) Core(TM) i3-4160T CPU @ 3.10GHz
stepping	: 3
cpu MHz		: 3092.714
cache size	: 3072 KB
physical id	: 0
siblings	: 2
core id		: 1
cpu cores	: 2
apicid		: 1
initial apicid	: 1
fpu		: yes
fpu_exception	: yes
cpuid level	: 13
wp		: yes
flags		: fpu vme de pse tsc msr pae mce cx8 apic sep mtrr pge mca cmov pat pse36 clflush mmx fxsr sse sse2 ht syscall nx rdtscp lm constant_tsc rep_good nopl xtopology nonstop_tsc pni pclmulqdq ssse3 cx16 pcid sse4_1 sse4_2 movbe popcnt aes xsave avx rdrand lahf_lm abm fsgsbase avx2 invpcid
bogomips	: 6185.42
clflush size	: 64
cache_alignment	: 64
address sizes	: 39 bits physical, 48 bits virtual
power management:



Memory: 4k page, physical 5054768k(201540k free), swap 0k(0k free)

vm_info: Java HotSpot(TM) 64-Bit Server VM (25.131-b11) for linux-amd64 JRE (1.8.0_131-b11), built on Mar 15 2017 01:23:40 by "java_re" with gcc 4.3.0 20080428 (Red Hat 4.3.0-8)

time: Mon Oct 29 14:00:58 2018
elapsed time: 0 seconds (0d 0h 0m 0s)

